2017-07-26 14:00:13.922 [info] <0.31.0> Application lager started on node nonode@nohost
2017-07-26 14:00:13.930 [info] <0.31.0> Application setup started on node nonode@nohost
2017-07-26 14:00:13.932 [error] <0.73.0> gen_event lager_exometer_backend installed in lager_event terminated with reason: bad argument in call to ets:lookup(exometer_3, [testEL,lager,info]) in exometer:update_/2 line 213
2017-07-26 14:00:13.933 [error] <0.80.0> Lager event handler lager_exometer_backend exited with reason {'EXIT',{badarg,[{ets,lookup,[exometer_3,[testEL,lager,info]],[]},{exometer,update_,2,[{file,"src/exometer.erl"},{line,213}]},{exometer,update_or_create,4,[{file,"src/exometer.erl"},{line,208}]},{lager_exometer_backend,handle_event,2,[{file,"src/lager_exometer_backend.erl"},{line,60}]},{gen_event,server_update,4,[{file,"gen_event.erl"},{line,533}]},{gen_event,server_notify,4,[{file,"gen_event.erl"},{line,515}]},{gen_event,server_notify,4,[{file,"gen_event.erl"},{line,517}]},{gen_event,handle_msg,...}]}}
2017-07-26 14:00:13.950 [info] <0.105.0>@exometer_report:do_start_reporters:632 Starting reporters with []
2017-07-26 14:00:13.950 [info] <0.31.0> Application exometer_core started on node nonode@nohost
2017-07-26 14:00:13.950 [info] <0.31.0> Application exometer_lager started on node nonode@nohost
2017-07-27 10:20:00.824 [error] <0.75.0>@lager_handler_watcher:130 Lager failed to install handler lager_exometer_backend into lager_event, retrying later : {'EXIT',
                                                                                           {undef,
                                                                                            [{lager_exometer_backend,
                                                                                              init,
                                                                                              [debug],
                                                                                              []},
                                                                                             {gen_event,
                                                                                              server_add_handler,
                                                                                              4,
                                                                                              [{file,
                                                                                                "gen_event.erl"},
                                                                                               {line,
                                                                                                429}]},
                                                                                             {gen_event,
                                                                                              handle_msg,
                                                                                              5,
                                                                                              [{file,
                                                                                                "gen_event.erl"},
                                                                                               {line,
                                                                                                274}]},
                                                                                             {proc_lib,
                                                                                              init_p_do_apply,
                                                                                              3,
                                                                                              [{file,
                                                                                                "proc_lib.erl"},
                                                                                               {line,
                                                                                                247}]}]}}
2017-07-27 10:20:00.951 [info] <0.31.0> Application lager started on node nonode@nohost
2017-07-27 10:20:00.985 [info] <0.31.0> Application crypto started on node nonode@nohost
2017-07-27 10:27:53.361 [error] <0.75.0>@lager_handler_watcher:130 Lager failed to install handler lager_exometer_backend into lager_event, retrying later : {'EXIT',
                                                                                           {undef,
                                                                                            [{lager_exometer_backend,
                                                                                              init,
                                                                                              [debug],
                                                                                              []},
                                                                                             {gen_event,
                                                                                              server_add_handler,
                                                                                              4,
                                                                                              [{file,
                                                                                                "gen_event.erl"},
                                                                                               {line,
                                                                                                429}]},
                                                                                             {gen_event,
                                                                                              handle_msg,
                                                                                              5,
                                                                                              [{file,
                                                                                                "gen_event.erl"},
                                                                                               {line,
                                                                                                274}]},
                                                                                             {proc_lib,
                                                                                              init_p_do_apply,
                                                                                              3,
                                                                                              [{file,
                                                                                                "proc_lib.erl"},
                                                                                               {line,
                                                                                                247}]}]}}
2017-07-27 10:27:53.486 [info] <0.31.0> Application lager started on node nonode@nohost
2017-07-27 10:27:53.521 [info] <0.31.0> Application crypto started on node nonode@nohost
